{"C:\\Users\\dewmi_my9uqcw\\OneDrive\\Desktop\\CsseCarenet\\HealthApp\\app\\api\\appointments\\route.ts": {"path":"C:\\Users\\dewmi_my9uqcw\\OneDrive\\Desktop\\CsseCarenet\\HealthApp\\app\\api\\appointments\\route.ts","statementMap":{"0":{"start":{"line":16,"column":0},"end":{"line":16,"column":7}},"1":{"start":{"line":67,"column":0},"end":{"line":67,"column":7}},"2":{"start":{"line":1,"column":0},"end":{"line":1,"column":60}},"3":{"start":{"line":2,"column":0},"end":{"line":2,"column":43}},"4":{"start":{"line":3,"column":0},"end":{"line":3,"column":39}},"5":{"start":{"line":5,"column":0},"end":{"line":5,"column":34}},"6":{"start":{"line":7,"column":19},"end":{"line":14,"column":1}},"7":{"start":{"line":8,"column":2},"end":{"line":12,"column":3}},"8":{"start":{"line":9,"column":4},"end":{"line":9,"column":null}},"9":{"start":{"line":9,"column":56},"end":{"line":9,"column":null}},"10":{"start":{"line":13,"column":2},"end":{"line":13,"column":null}},"11":{"start":{"line":17,"column":2},"end":{"line":64,"column":3}},"12":{"start":{"line":18,"column":20},"end":{"line":18,"column":38}},"13":{"start":{"line":19,"column":4},"end":{"line":21,"column":5}},"14":{"start":{"line":20,"column":6},"end":{"line":20,"column":null}},"15":{"start":{"line":23,"column":29},"end":{"line":23,"column":49}},"16":{"start":{"line":24,"column":19},"end":{"line":24,"column":45}},"17":{"start":{"line":26,"column":15},"end":{"line":26,"column":34}},"18":{"start":{"line":27,"column":35},"end":{"line":27,"column":77}},"19":{"start":{"line":29,"column":23},"end":{"line":29,"column":25}},"20":{"start":{"line":31,"column":4},"end":{"line":35,"column":5}},"21":{"start":{"line":32,"column":6},"end":{"line":32,"column":null}},"22":{"start":{"line":33,"column":11},"end":{"line":35,"column":5}},"23":{"start":{"line":34,"column":6},"end":{"line":34,"column":null}},"24":{"start":{"line":37,"column":4},"end":{"line":39,"column":5}},"25":{"start":{"line":38,"column":6},"end":{"line":38,"column":null}},"26":{"start":{"line":41,"column":25},"end":{"line":41,"column":94}},"27":{"start":{"line":44,"column":28},"end":{"line":44,"column":50}},"28":{"start":{"line":45,"column":34},"end":{"line":57,"column":null}},"29":{"start":{"line":47,"column":24},"end":{"line":47,"column":110}},"30":{"start":{"line":48,"column":23},"end":{"line":48,"column":108}},"31":{"start":{"line":49,"column":8},"end":{"line":55,"column":null}},"32":{"start":{"line":60,"column":4},"end":{"line":60,"column":null}},"33":{"start":{"line":62,"column":4},"end":{"line":62,"column":null}},"34":{"start":{"line":63,"column":4},"end":{"line":63,"column":null}},"35":{"start":{"line":68,"column":2},"end":{"line":147,"column":3}},"36":{"start":{"line":69,"column":20},"end":{"line":69,"column":38}},"37":{"start":{"line":70,"column":4},"end":{"line":72,"column":5}},"38":{"start":{"line":71,"column":6},"end":{"line":71,"column":null}},"39":{"start":{"line":74,"column":17},"end":{"line":74,"column":37}},"40":{"start":{"line":75,"column":45},"end":{"line":75,"column":49}},"41":{"start":{"line":77,"column":4},"end":{"line":79,"column":5}},"42":{"start":{"line":78,"column":6},"end":{"line":78,"column":null}},"43":{"start":{"line":81,"column":15},"end":{"line":81,"column":34}},"44":{"start":{"line":82,"column":35},"end":{"line":82,"column":77}},"45":{"start":{"line":83,"column":32},"end":{"line":83,"column":65}},"46":{"start":{"line":86,"column":22},"end":{"line":86,"column":36}},"47":{"start":{"line":87,"column":23},"end":{"line":87,"column":42}},"48":{"start":{"line":88,"column":4},"end":{"line":88,"column":null}},"49":{"start":{"line":89,"column":21},"end":{"line":89,"column":40}},"50":{"start":{"line":90,"column":4},"end":{"line":90,"column":null}},"51":{"start":{"line":93,"column":26},"end":{"line":93,"column":117}},"52":{"start":{"line":95,"column":26},"end":{"line":95,"column":27}},"53":{"start":{"line":96,"column":4},"end":{"line":113,"column":5}},"54":{"start":{"line":97,"column":19},"end":{"line":97,"column":79}},"55":{"start":{"line":97,"column":58},"end":{"line":97,"column":78}},"56":{"start":{"line":98,"column":6},"end":{"line":98,"column":null}},"57":{"start":{"line":98,"column":16},"end":{"line":98,"column":null}},"58":{"start":{"line":101,"column":24},"end":{"line":101,"column":130}},"59":{"start":{"line":102,"column":6},"end":{"line":112,"column":7}},"60":{"start":{"line":103,"column":26},"end":{"line":103,"column":98}},"61":{"start":{"line":104,"column":26},"end":{"line":104,"column":128}},"62":{"start":{"line":104,"column":66},"end":{"line":104,"column":127}},"63":{"start":{"line":105,"column":8},"end":{"line":111,"column":9}},"64":{"start":{"line":106,"column":23},"end":{"line":106,"column":77}},"65":{"start":{"line":106,"column":56},"end":{"line":106,"column":76}},"66":{"start":{"line":107,"column":10},"end":{"line":107,"column":null}},"67":{"start":{"line":107,"column":20},"end":{"line":107,"column":null}},"68":{"start":{"line":108,"column":15},"end":{"line":111,"column":9}},"69":{"start":{"line":109,"column":23},"end":{"line":109,"column":103}},"70":{"start":{"line":109,"column":82},"end":{"line":109,"column":102}},"71":{"start":{"line":110,"column":10},"end":{"line":110,"column":null}},"72":{"start":{"line":110,"column":20},"end":{"line":110,"column":null}},"73":{"start":{"line":116,"column":26},"end":{"line":121,"column":6}},"74":{"start":{"line":123,"column":4},"end":{"line":125,"column":5}},"75":{"start":{"line":124,"column":6},"end":{"line":124,"column":null}},"76":{"start":{"line":127,"column":40},"end":{"line":136,"column":null}},"77":{"start":{"line":138,"column":19},"end":{"line":138,"column":73}},"78":{"start":{"line":140,"column":4},"end":{"line":143,"column":null}},"79":{"start":{"line":145,"column":4},"end":{"line":145,"column":null}},"80":{"start":{"line":146,"column":4},"end":{"line":146,"column":null}}},"fnMap":{"0":{"name":"(anonymous_0)","decl":{"start":{"line":7,"column":19},"end":{"line":7,"column":20}},"loc":{"start":{"line":7,"column":35},"end":{"line":14,"column":1}}},"1":{"name":"GET","decl":{"start":{"line":16,"column":22},"end":{"line":16,"column":25}},"loc":{"start":{"line":16,"column":46},"end":{"line":65,"column":1}}},"2":{"name":"(anonymous_2)","decl":{"start":{"line":46,"column":23},"end":{"line":46,"column":28}},"loc":{"start":{"line":46,"column":37},"end":{"line":57,"column":7}}},"3":{"name":"POST","decl":{"start":{"line":67,"column":22},"end":{"line":67,"column":26}},"loc":{"start":{"line":67,"column":47},"end":{"line":148,"column":1}}},"4":{"name":"(anonymous_4)","decl":{"start":{"line":97,"column":46},"end":{"line":97,"column":47}},"loc":{"start":{"line":97,"column":58},"end":{"line":97,"column":78}}},"5":{"name":"(anonymous_5)","decl":{"start":{"line":104,"column":53},"end":{"line":104,"column":54}},"loc":{"start":{"line":104,"column":66},"end":{"line":104,"column":127}}},"6":{"name":"(anonymous_6)","decl":{"start":{"line":106,"column":44},"end":{"line":106,"column":45}},"loc":{"start":{"line":106,"column":56},"end":{"line":106,"column":76}}},"7":{"name":"(anonymous_7)","decl":{"start":{"line":109,"column":70},"end":{"line":109,"column":71}},"loc":{"start":{"line":109,"column":82},"end":{"line":109,"column":102}}}},"branchMap":{"0":{"loc":{"start":{"line":9,"column":4},"end":{"line":9,"column":null}},"type":"if","locations":[{"start":{"line":9,"column":4},"end":{"line":9,"column":null}},{"start":{},"end":{}}]},"1":{"loc":{"start":{"line":9,"column":8},"end":{"line":9,"column":54}},"type":"binary-expr","locations":[{"start":{"line":9,"column":8},"end":{"line":9,"column":30}},{"start":{"line":9,"column":34},"end":{"line":9,"column":54}}]},"2":{"loc":{"start":{"line":19,"column":4},"end":{"line":21,"column":5}},"type":"if","locations":[{"start":{"line":19,"column":4},"end":{"line":21,"column":5}},{"start":{},"end":{}}]},"3":{"loc":{"start":{"line":31,"column":4},"end":{"line":35,"column":5}},"type":"if","locations":[{"start":{"line":31,"column":4},"end":{"line":35,"column":5}},{"start":{"line":33,"column":11},"end":{"line":35,"column":5}}]},"4":{"loc":{"start":{"line":33,"column":11},"end":{"line":35,"column":5}},"type":"if","locations":[{"start":{"line":33,"column":11},"end":{"line":35,"column":5}},{"start":{},"end":{}}]},"5":{"loc":{"start":{"line":37,"column":4},"end":{"line":39,"column":5}},"type":"if","locations":[{"start":{"line":37,"column":4},"end":{"line":39,"column":5}},{"start":{},"end":{}}]},"6":{"loc":{"start":{"line":51,"column":15},"end":{"line":51,"column":34}},"type":"cond-expr","locations":[{"start":{"line":51,"column":22},"end":{"line":51,"column":24}},{"start":{"line":51,"column":22},"end":{"line":51,"column":34}}]},"7":{"loc":{"start":{"line":51,"column":15},"end":{"line":51,"column":24}},"type":"binary-expr","locations":[{"start":{"line":51,"column":15},"end":{"line":51,"column":24}},{"start":{"line":51,"column":22},"end":{"line":51,"column":24}}]},"8":{"loc":{"start":{"line":70,"column":4},"end":{"line":72,"column":5}},"type":"if","locations":[{"start":{"line":70,"column":4},"end":{"line":72,"column":5}},{"start":{},"end":{}}]},"9":{"loc":{"start":{"line":77,"column":4},"end":{"line":79,"column":5}},"type":"if","locations":[{"start":{"line":77,"column":4},"end":{"line":79,"column":5}},{"start":{},"end":{}}]},"10":{"loc":{"start":{"line":77,"column":8},"end":{"line":77,"column":46}},"type":"binary-expr","locations":[{"start":{"line":77,"column":8},"end":{"line":77,"column":17}},{"start":{"line":77,"column":21},"end":{"line":77,"column":26}},{"start":{"line":77,"column":30},"end":{"line":77,"column":35}},{"start":{"line":77,"column":39},"end":{"line":77,"column":46}}]},"11":{"loc":{"start":{"line":96,"column":4},"end":{"line":113,"column":5}},"type":"if","locations":[{"start":{"line":96,"column":4},"end":{"line":113,"column":5}},{"start":{"line":99,"column":11},"end":{"line":113,"column":5}}]},"12":{"loc":{"start":{"line":96,"column":8},"end":{"line":96,"column":63}},"type":"binary-expr","locations":[{"start":{"line":96,"column":8},"end":{"line":96,"column":23}},{"start":{"line":96,"column":27},"end":{"line":96,"column":63}}]},"13":{"loc":{"start":{"line":98,"column":6},"end":{"line":98,"column":null}},"type":"if","locations":[{"start":{"line":98,"column":6},"end":{"line":98,"column":null}},{"start":{},"end":{}}]},"14":{"loc":{"start":{"line":98,"column":34},"end":{"line":98,"column":55}},"type":"binary-expr","locations":[{"start":{"line":98,"column":34},"end":{"line":98,"column":50}},{"start":{"line":98,"column":54},"end":{"line":98,"column":55}}]},"15":{"loc":{"start":{"line":102,"column":6},"end":{"line":112,"column":7}},"type":"if","locations":[{"start":{"line":102,"column":6},"end":{"line":112,"column":7}},{"start":{},"end":{}}]},"16":{"loc":{"start":{"line":104,"column":26},"end":{"line":104,"column":128}},"type":"cond-expr","locations":[{"start":{"line":104,"column":46},"end":{"line":104,"column":48}},{"start":{"line":104,"column":46},"end":{"line":104,"column":128}}]},"17":{"loc":{"start":{"line":104,"column":26},"end":{"line":104,"column":48}},"type":"binary-expr","locations":[{"start":{"line":104,"column":26},"end":{"line":104,"column":48}},{"start":{"line":104,"column":46},"end":{"line":104,"column":48}}]},"18":{"loc":{"start":{"line":105,"column":8},"end":{"line":111,"column":9}},"type":"if","locations":[{"start":{"line":105,"column":8},"end":{"line":111,"column":9}},{"start":{"line":108,"column":15},"end":{"line":111,"column":9}}]},"19":{"loc":{"start":{"line":105,"column":12},"end":{"line":105,"column":40}},"type":"binary-expr","locations":[{"start":{"line":105,"column":12},"end":{"line":105,"column":21}},{"start":{"line":105,"column":25},"end":{"line":105,"column":40}}]},"20":{"loc":{"start":{"line":107,"column":10},"end":{"line":107,"column":null}},"type":"if","locations":[{"start":{"line":107,"column":10},"end":{"line":107,"column":null}},{"start":{},"end":{}}]},"21":{"loc":{"start":{"line":107,"column":38},"end":{"line":107,"column":59}},"type":"binary-expr","locations":[{"start":{"line":107,"column":38},"end":{"line":107,"column":54}},{"start":{"line":107,"column":58},"end":{"line":107,"column":59}}]},"22":{"loc":{"start":{"line":108,"column":15},"end":{"line":111,"column":9}},"type":"if","locations":[{"start":{"line":108,"column":15},"end":{"line":111,"column":9}},{"start":{},"end":{}}]},"23":{"loc":{"start":{"line":108,"column":19},"end":{"line":108,"column":56}},"type":"cond-expr","locations":[{"start":{"line":108,"column":43},"end":{"line":108,"column":46}},{"start":{"line":108,"column":43},"end":{"line":108,"column":56}}]},"24":{"loc":{"start":{"line":108,"column":19},"end":{"line":108,"column":46}},"type":"binary-expr","locations":[{"start":{"line":108,"column":19},"end":{"line":108,"column":46}},{"start":{"line":108,"column":43},"end":{"line":108,"column":46}}]},"25":{"loc":{"start":{"line":110,"column":10},"end":{"line":110,"column":null}},"type":"if","locations":[{"start":{"line":110,"column":10},"end":{"line":110,"column":null}},{"start":{},"end":{}}]},"26":{"loc":{"start":{"line":110,"column":38},"end":{"line":110,"column":59}},"type":"binary-expr","locations":[{"start":{"line":110,"column":38},"end":{"line":110,"column":54}},{"start":{"line":110,"column":58},"end":{"line":110,"column":59}}]},"27":{"loc":{"start":{"line":123,"column":4},"end":{"line":125,"column":5}},"type":"if","locations":[{"start":{"line":123,"column":4},"end":{"line":125,"column":5}},{"start":{},"end":{}}]}},"s":{"0":1,"1":1,"2":1,"3":1,"4":1,"5":1,"6":1,"7":25,"8":25,"9":18,"10":7,"11":5,"12":5,"13":5,"14":1,"15":4,"16":4,"17":4,"18":4,"19":4,"20":4,"21":1,"22":3,"23":2,"24":4,"25":1,"26":4,"27":3,"28":3,"29":3,"30":3,"31":3,"32":3,"33":1,"34":1,"35":8,"36":8,"37":8,"38":1,"39":7,"40":7,"41":7,"42":1,"43":6,"44":6,"45":6,"46":6,"47":6,"48":6,"49":6,"50":6,"51":6,"52":6,"53":6,"54":3,"55":3,"56":3,"57":3,"58":3,"59":3,"60":3,"61":3,"62":1,"63":3,"64":1,"65":1,"66":1,"67":1,"68":2,"69":2,"70":2,"71":2,"72":2,"73":6,"74":6,"75":1,"76":5,"77":5,"78":4,"79":1,"80":1},"f":{"0":25,"1":5,"2":3,"3":8,"4":3,"5":1,"6":1,"7":2},"b":{"0":[18,7],"1":[25,25],"2":[1,4],"3":[1,3],"4":[2,1],"5":[1,3],"6":[0,3],"7":[3,3],"8":[1,7],"9":[1,6],"10":[7,7,6,6],"11":[3,3],"12":[6,4],"13":[3,0],"14":[3,0],"15":[3,0],"16":[2,1],"17":[3,3],"18":[1,2],"19":[3,1],"20":[1,0],"21":[1,0],"22":[2,0],"23":[0,2],"24":[2,2],"25":[2,0],"26":[2,0],"27":[1,5]}}
,"C:\\Users\\dewmi_my9uqcw\\OneDrive\\Desktop\\CsseCarenet\\HealthApp\\app\\api\\doctors\\[id]\\slots\\route.ts": {"path":"C:\\Users\\dewmi_my9uqcw\\OneDrive\\Desktop\\CsseCarenet\\HealthApp\\app\\api\\doctors\\[id]\\slots\\route.ts","statementMap":{"0":{"start":{"line":6,"column":0},"end":{"line":6,"column":7}},"1":{"start":{"line":1,"column":0},"end":{"line":1,"column":60}},"2":{"start":{"line":2,"column":0},"end":{"line":2,"column":43}},"3":{"start":{"line":3,"column":0},"end":{"line":3,"column":34}},"4":{"start":{"line":10,"column":2},"end":{"line":159,"column":3}},"5":{"start":{"line":12,"column":19},"end":{"line":12,"column":31}},"6":{"start":{"line":14,"column":29},"end":{"line":14,"column":49}},"7":{"start":{"line":15,"column":17},"end":{"line":15,"column":41}},"8":{"start":{"line":18,"column":4},"end":{"line":27,"column":5}},"9":{"start":{"line":19,"column":6},"end":{"line":26,"column":null}},"10":{"start":{"line":29,"column":4},"end":{"line":38,"column":5}},"11":{"start":{"line":30,"column":6},"end":{"line":37,"column":null}},"12":{"start":{"line":40,"column":4},"end":{"line":49,"column":5}},"13":{"start":{"line":41,"column":6},"end":{"line":48,"column":null}},"14":{"start":{"line":52,"column":15},"end":{"line":52,"column":34}},"15":{"start":{"line":53,"column":32},"end":{"line":53,"column":81}},"16":{"start":{"line":54,"column":35},"end":{"line":54,"column":77}},"17":{"start":{"line":56,"column":22},"end":{"line":56,"column":36}},"18":{"start":{"line":57,"column":27},"end":{"line":57,"column":43}},"19":{"start":{"line":60,"column":28},"end":{"line":63,"column":6}},"20":{"start":{"line":65,"column":32},"end":{"line":65,"column":34}},"21":{"start":{"line":67,"column":4},"end":{"line":119,"column":5}},"22":{"start":{"line":68,"column":6},"end":{"line":74,"column":7}},"23":{"start":{"line":69,"column":8},"end":{"line":73,"column":null}},"24":{"start":{"line":75,"column":6},"end":{"line":75,"column":null}},"25":{"start":{"line":78,"column":24},"end":{"line":81,"column":8}},"26":{"start":{"line":83,"column":6},"end":{"line":89,"column":7}},"27":{"start":{"line":84,"column":8},"end":{"line":88,"column":null}},"28":{"start":{"line":91,"column":24},"end":{"line":93,"column":35}},"29":{"start":{"line":95,"column":27},"end":{"line":96,"column":null}},"30":{"start":{"line":96,"column":21},"end":{"line":96,"column":82}},"31":{"start":{"line":99,"column":6},"end":{"line":118,"column":7}},"32":{"start":{"line":100,"column":8},"end":{"line":106,"column":9}},"33":{"start":{"line":101,"column":10},"end":{"line":105,"column":null}},"34":{"start":{"line":107,"column":8},"end":{"line":107,"column":null}},"35":{"start":{"line":109,"column":28},"end":{"line":109,"column":65}},"36":{"start":{"line":110,"column":8},"end":{"line":116,"column":9}},"37":{"start":{"line":111,"column":10},"end":{"line":115,"column":null}},"38":{"start":{"line":117,"column":8},"end":{"line":117,"column":null}},"39":{"start":{"line":122,"column":23},"end":{"line":122,"column":42}},"40":{"start":{"line":123,"column":4},"end":{"line":123,"column":null}},"41":{"start":{"line":125,"column":21},"end":{"line":125,"column":40}},"42":{"start":{"line":126,"column":4},"end":{"line":126,"column":null}},"43":{"start":{"line":128,"column":33},"end":{"line":137,"column":16}},"44":{"start":{"line":140,"column":27},"end":{"line":150,"column":6}},"45":{"start":{"line":141,"column":28},"end":{"line":143,"column":14}},"46":{"start":{"line":142,"column":17},"end":{"line":142,"column":70}},"47":{"start":{"line":145,"column":6},"end":{"line":148,"column":null}},"48":{"start":{"line":152,"column":4},"end":{"line":152,"column":null}},"49":{"start":{"line":154,"column":4},"end":{"line":154,"column":null}},"50":{"start":{"line":155,"column":4},"end":{"line":158,"column":null}}},"fnMap":{"0":{"name":"(anonymous_1)","decl":{"start":{"line":96,"column":8},"end":{"line":96,"column":9}},"loc":{"start":{"line":96,"column":21},"end":{"line":96,"column":82}}},"1":{"name":"(anonymous_2)","decl":{"start":{"line":140,"column":46},"end":{"line":140,"column":47}},"loc":{"start":{"line":140,"column":55},"end":{"line":150,"column":5}}},"2":{"name":"(anonymous_3)","decl":{"start":{"line":142,"column":8},"end":{"line":142,"column":9}},"loc":{"start":{"line":142,"column":17},"end":{"line":142,"column":70}}}},"branchMap":{"0":{"loc":{"start":{"line":18,"column":4},"end":{"line":27,"column":5}},"type":"if","locations":[{"start":{"line":18,"column":4},"end":{"line":27,"column":5}},{"start":{},"end":{}}]},"1":{"loc":{"start":{"line":29,"column":4},"end":{"line":38,"column":5}},"type":"if","locations":[{"start":{"line":29,"column":4},"end":{"line":38,"column":5}},{"start":{},"end":{}}]},"2":{"loc":{"start":{"line":40,"column":4},"end":{"line":49,"column":5}},"type":"if","locations":[{"start":{"line":40,"column":4},"end":{"line":49,"column":5}},{"start":{},"end":{}}]},"3":{"loc":{"start":{"line":67,"column":4},"end":{"line":119,"column":5}},"type":"if","locations":[{"start":{"line":67,"column":4},"end":{"line":119,"column":5}},{"start":{"line":76,"column":11},"end":{"line":119,"column":5}}]},"4":{"loc":{"start":{"line":68,"column":6},"end":{"line":74,"column":7}},"type":"if","locations":[{"start":{"line":68,"column":6},"end":{"line":74,"column":7}},{"start":{},"end":{}}]},"5":{"loc":{"start":{"line":75,"column":23},"end":{"line":75,"column":50}},"type":"binary-expr","locations":[{"start":{"line":75,"column":23},"end":{"line":75,"column":44}},{"start":{"line":75,"column":48},"end":{"line":75,"column":50}}]},"6":{"loc":{"start":{"line":83,"column":6},"end":{"line":89,"column":7}},"type":"if","locations":[{"start":{"line":83,"column":6},"end":{"line":89,"column":7}},{"start":{},"end":{}}]},"7":{"loc":{"start":{"line":95,"column":27},"end":{"line":96,"column":null}},"type":"cond-expr","locations":[{"start":{"line":95,"column":47},"end":{"line":95,"column":49}},{"start":{"line":95,"column":47},"end":{"line":96,"column":null}}]},"8":{"loc":{"start":{"line":95,"column":27},"end":{"line":95,"column":49}},"type":"binary-expr","locations":[{"start":{"line":95,"column":27},"end":{"line":95,"column":49}},{"start":{"line":95,"column":47},"end":{"line":95,"column":49}}]},"9":{"loc":{"start":{"line":99,"column":6},"end":{"line":118,"column":7}},"type":"if","locations":[{"start":{"line":99,"column":6},"end":{"line":118,"column":7}},{"start":{"line":108,"column":13},"end":{"line":118,"column":7}}]},"10":{"loc":{"start":{"line":100,"column":8},"end":{"line":106,"column":9}},"type":"if","locations":[{"start":{"line":100,"column":8},"end":{"line":106,"column":9}},{"start":{},"end":{}}]},"11":{"loc":{"start":{"line":107,"column":25},"end":{"line":107,"column":49}},"type":"binary-expr","locations":[{"start":{"line":107,"column":25},"end":{"line":107,"column":43}},{"start":{"line":107,"column":47},"end":{"line":107,"column":49}}]},"12":{"loc":{"start":{"line":109,"column":28},"end":{"line":109,"column":65}},"type":"cond-expr","locations":[{"start":{"line":109,"column":52},"end":{"line":109,"column":55}},{"start":{"line":109,"column":52},"end":{"line":109,"column":65}}]},"13":{"loc":{"start":{"line":109,"column":28},"end":{"line":109,"column":55}},"type":"binary-expr","locations":[{"start":{"line":109,"column":28},"end":{"line":109,"column":55}},{"start":{"line":109,"column":52},"end":{"line":109,"column":55}}]},"14":{"loc":{"start":{"line":110,"column":8},"end":{"line":116,"column":9}},"type":"if","locations":[{"start":{"line":110,"column":8},"end":{"line":116,"column":9}},{"start":{},"end":{}}]},"15":{"loc":{"start":{"line":110,"column":13},"end":{"line":110,"column":37}},"type":"cond-expr","locations":[{"start":{"line":110,"column":24},"end":{"line":110,"column":26}},{"start":{"line":110,"column":13},"end":{"line":110,"column":37}}]},"16":{"loc":{"start":{"line":110,"column":13},"end":{"line":110,"column":26}},"type":"binary-expr","locations":[{"start":{"line":110,"column":13},"end":{"line":110,"column":26}},{"start":{"line":110,"column":13},"end":{"line":110,"column":26}}]},"17":{"loc":{"start":{"line":117,"column":25},"end":{"line":117,"column":48}},"type":"binary-expr","locations":[{"start":{"line":117,"column":25},"end":{"line":117,"column":42}},{"start":{"line":117,"column":46},"end":{"line":117,"column":48}}]},"18":{"loc":{"start":{"line":142,"column":17},"end":{"line":142,"column":70}},"type":"binary-expr","locations":[{"start":{"line":142,"column":17},"end":{"line":142,"column":43}},{"start":{"line":142,"column":47},"end":{"line":142,"column":70}}]},"19":{"loc":{"start":{"line":147,"column":19},"end":{"line":147,"column":72}},"type":"binary-expr","locations":[{"start":{"line":147,"column":19},"end":{"line":147,"column":36}},{"start":{"line":147,"column":40},"end":{"line":147,"column":72}}]}},"s":{"0":1,"1":1,"2":1,"3":1,"4":10,"5":10,"6":10,"7":10,"8":10,"9":1,"10":9,"11":1,"12":8,"13":1,"14":7,"15":7,"16":7,"17":7,"18":7,"19":7,"20":7,"21":7,"22":2,"23":0,"24":2,"25":5,"26":5,"27":1,"28":4,"29":4,"30":2,"31":4,"32":2,"33":1,"34":1,"35":2,"36":2,"37":2,"38":0,"39":3,"40":3,"41":3,"42":3,"43":3,"44":3,"45":3,"46":1,"47":3,"48":3,"49":0,"50":0},"f":{"0":2,"1":3,"2":1},"b":{"0":[1,9],"1":[1,8],"2":[1,7],"3":[2,5],"4":[0,2],"5":[2,0],"6":[1,4],"7":[2,2],"8":[4,4],"9":[2,2],"10":[1,1],"11":[1,0],"12":[1,1],"13":[2,2],"14":[2,0],"15":[1,1],"16":[2,2],"17":[0,0],"18":[1,1],"19":[3,3]}}
,"C:\\Users\\dewmi_my9uqcw\\OneDrive\\Desktop\\CsseCarenet\\HealthApp\\app\\api\\medical-records\\route.ts": {"path":"C:\\Users\\dewmi_my9uqcw\\OneDrive\\Desktop\\CsseCarenet\\HealthApp\\app\\api\\medical-records\\route.ts","statementMap":{"0":{"start":{"line":6,"column":0},"end":{"line":6,"column":7}},"1":{"start":{"line":1,"column":0},"end":{"line":1,"column":42}},"2":{"start":{"line":2,"column":0},"end":{"line":2,"column":43}},"3":{"start":{"line":3,"column":0},"end":{"line":3,"column":39}},"4":{"start":{"line":4,"column":0},"end":{"line":4,"column":34}},"5":{"start":{"line":7,"column":2},"end":{"line":46,"column":3}},"6":{"start":{"line":8,"column":20},"end":{"line":8,"column":38}},"7":{"start":{"line":9,"column":4},"end":{"line":11,"column":5}},"8":{"start":{"line":10,"column":6},"end":{"line":10,"column":null}},"9":{"start":{"line":13,"column":15},"end":{"line":13,"column":34}},"10":{"start":{"line":14,"column":37},"end":{"line":14,"column":69}},"11":{"start":{"line":16,"column":23},"end":{"line":16,"column":25}},"12":{"start":{"line":17,"column":4},"end":{"line":21,"column":5}},"13":{"start":{"line":18,"column":6},"end":{"line":18,"column":null}},"14":{"start":{"line":19,"column":11},"end":{"line":21,"column":5}},"15":{"start":{"line":20,"column":6},"end":{"line":20,"column":null}},"16":{"start":{"line":23,"column":20},"end":{"line":23,"column":96}},"17":{"start":{"line":26,"column":28},"end":{"line":26,"column":50}},"18":{"start":{"line":27,"column":29},"end":{"line":39,"column":null}},"19":{"start":{"line":29,"column":24},"end":{"line":29,"column":113}},"20":{"start":{"line":30,"column":23},"end":{"line":30,"column":111}},"21":{"start":{"line":31,"column":8},"end":{"line":37,"column":null}},"22":{"start":{"line":42,"column":4},"end":{"line":42,"column":null}},"23":{"start":{"line":44,"column":4},"end":{"line":44,"column":null}},"24":{"start":{"line":45,"column":4},"end":{"line":45,"column":null}}},"fnMap":{"0":{"name":"GET","decl":{"start":{"line":6,"column":22},"end":{"line":6,"column":25}},"loc":{"start":{"line":6,"column":25},"end":{"line":47,"column":1}}},"1":{"name":"(anonymous_1)","decl":{"start":{"line":28,"column":18},"end":{"line":28,"column":23}},"loc":{"start":{"line":28,"column":35},"end":{"line":39,"column":7}}}},"branchMap":{"0":{"loc":{"start":{"line":9,"column":4},"end":{"line":11,"column":5}},"type":"if","locations":[{"start":{"line":9,"column":4},"end":{"line":11,"column":5}},{"start":{},"end":{}}]},"1":{"loc":{"start":{"line":17,"column":4},"end":{"line":21,"column":5}},"type":"if","locations":[{"start":{"line":17,"column":4},"end":{"line":21,"column":5}},{"start":{"line":19,"column":11},"end":{"line":21,"column":5}}]},"2":{"loc":{"start":{"line":19,"column":11},"end":{"line":21,"column":5}},"type":"if","locations":[{"start":{"line":19,"column":11},"end":{"line":21,"column":5}},{"start":{},"end":{}}]},"3":{"loc":{"start":{"line":33,"column":15},"end":{"line":33,"column":37}},"type":"cond-expr","locations":[{"start":{"line":33,"column":25},"end":{"line":33,"column":27}},{"start":{"line":33,"column":25},"end":{"line":33,"column":37}}]},"4":{"loc":{"start":{"line":33,"column":15},"end":{"line":33,"column":27}},"type":"binary-expr","locations":[{"start":{"line":33,"column":15},"end":{"line":33,"column":27}},{"start":{"line":33,"column":25},"end":{"line":33,"column":27}}]}},"s":{"0":1,"1":1,"2":1,"3":1,"4":1,"5":4,"6":4,"7":4,"8":1,"9":3,"10":2,"11":2,"12":2,"13":1,"14":1,"15":1,"16":2,"17":2,"18":2,"19":1,"20":1,"21":1,"22":2,"23":1,"24":1},"f":{"0":4,"1":1},"b":{"0":[1,3],"1":[1,1],"2":[1,0],"3":[0,1],"4":[1,1]}}
,"C:\\Users\\dewmi_my9uqcw\\OneDrive\\Desktop\\CsseCarenet\\HealthApp\\app\\api\\medical-records\\create\\route.ts": {"path":"C:\\Users\\dewmi_my9uqcw\\OneDrive\\Desktop\\CsseCarenet\\HealthApp\\app\\api\\medical-records\\create\\route.ts","statementMap":{"0":{"start":{"line":7,"column":0},"end":{"line":7,"column":7}},"1":{"start":{"line":1,"column":0},"end":{"line":1,"column":60}},"2":{"start":{"line":2,"column":0},"end":{"line":2,"column":43}},"3":{"start":{"line":3,"column":0},"end":{"line":3,"column":39}},"4":{"start":{"line":5,"column":0},"end":{"line":5,"column":34}},"5":{"start":{"line":8,"column":2},"end":{"line":47,"column":3}},"6":{"start":{"line":9,"column":20},"end":{"line":9,"column":38}},"7":{"start":{"line":10,"column":4},"end":{"line":12,"column":5}},"8":{"start":{"line":11,"column":6},"end":{"line":11,"column":null}},"9":{"start":{"line":14,"column":17},"end":{"line":14,"column":37}},"10":{"start":{"line":15,"column":107},"end":{"line":15,"column":111}},"11":{"start":{"line":17,"column":4},"end":{"line":19,"column":5}},"12":{"start":{"line":18,"column":6},"end":{"line":18,"column":null}},"13":{"start":{"line":21,"column":15},"end":{"line":21,"column":34}},"14":{"start":{"line":22,"column":37},"end":{"line":22,"column":84}},"15":{"start":{"line":24,"column":37},"end":{"line":36,"column":null}},"16":{"start":{"line":38,"column":19},"end":{"line":38,"column":70}},"17":{"start":{"line":40,"column":4},"end":{"line":43,"column":null}},"18":{"start":{"line":45,"column":4},"end":{"line":45,"column":null}},"19":{"start":{"line":46,"column":4},"end":{"line":46,"column":null}}},"fnMap":{"0":{"name":"POST","decl":{"start":{"line":7,"column":22},"end":{"line":7,"column":26}},"loc":{"start":{"line":7,"column":47},"end":{"line":48,"column":1}}}},"branchMap":{"0":{"loc":{"start":{"line":10,"column":4},"end":{"line":12,"column":5}},"type":"if","locations":[{"start":{"line":10,"column":4},"end":{"line":12,"column":5}},{"start":{},"end":{}}]},"1":{"loc":{"start":{"line":10,"column":8},"end":{"line":10,"column":45}},"type":"binary-expr","locations":[{"start":{"line":10,"column":8},"end":{"line":10,"column":16}},{"start":{"line":10,"column":20},"end":{"line":10,"column":45}}]},"2":{"loc":{"start":{"line":17,"column":4},"end":{"line":19,"column":5}},"type":"if","locations":[{"start":{"line":17,"column":4},"end":{"line":19,"column":5}},{"start":{},"end":{}}]},"3":{"loc":{"start":{"line":17,"column":8},"end":{"line":17,"column":59}},"type":"binary-expr","locations":[{"start":{"line":17,"column":8},"end":{"line":17,"column":18}},{"start":{"line":17,"column":22},"end":{"line":17,"column":32}},{"start":{"line":17,"column":36},"end":{"line":17,"column":45}},{"start":{"line":17,"column":49},"end":{"line":17,"column":59}}]},"4":{"loc":{"start":{"line":27,"column":21},"end":{"line":27,"column":76}},"type":"cond-expr","locations":[{"start":{"line":27,"column":37},"end":{"line":27,"column":64}},{"start":{"line":27,"column":67},"end":{"line":27,"column":76}}]},"5":{"loc":{"start":{"line":29,"column":16},"end":{"line":29,"column":63}},"type":"cond-expr","locations":[{"start":{"line":29,"column":42},"end":{"line":29,"column":50}},{"start":{"line":29,"column":53},"end":{"line":29,"column":63}}]},"6":{"loc":{"start":{"line":31,"column":21},"end":{"line":31,"column":40}},"type":"binary-expr","locations":[{"start":{"line":31,"column":21},"end":{"line":31,"column":34}},{"start":{"line":31,"column":38},"end":{"line":31,"column":40}}]}},"s":{"0":1,"1":1,"2":1,"3":1,"4":1,"5":4,"6":4,"7":4,"8":1,"9":3,"10":3,"11":3,"12":1,"13":2,"14":2,"15":2,"16":2,"17":1,"18":1,"19":1},"f":{"0":4},"b":{"0":[1,3],"1":[4,4],"2":[1,2],"3":[3,2,2,2],"4":[0,2],"5":[2,0],"6":[2,0]}}
,"C:\\Users\\dewmi_my9uqcw\\OneDrive\\Desktop\\CsseCarenet\\HealthApp\\app\\api\\profile\\route.ts": {"path":"C:\\Users\\dewmi_my9uqcw\\OneDrive\\Desktop\\CsseCarenet\\HealthApp\\app\\api\\profile\\route.ts","statementMap":{"0":{"start":{"line":7,"column":0},"end":{"line":7,"column":7}},"1":{"start":{"line":30,"column":0},"end":{"line":30,"column":7}},"2":{"start":{"line":121,"column":0},"end":{"line":121,"column":7}},"3":{"start":{"line":1,"column":0},"end":{"line":1,"column":42}},"4":{"start":{"line":2,"column":0},"end":{"line":2,"column":43}},"5":{"start":{"line":3,"column":0},"end":{"line":3,"column":39}},"6":{"start":{"line":4,"column":0},"end":{"line":4,"column":45}},"7":{"start":{"line":5,"column":0},"end":{"line":5,"column":34}},"8":{"start":{"line":8,"column":2},"end":{"line":27,"column":3}},"9":{"start":{"line":9,"column":17},"end":{"line":9,"column":35}},"10":{"start":{"line":10,"column":4},"end":{"line":12,"column":5}},"11":{"start":{"line":11,"column":6},"end":{"line":11,"column":null}},"12":{"start":{"line":14,"column":15},"end":{"line":14,"column":34}},"13":{"start":{"line":15,"column":21},"end":{"line":17,"column":83}},"14":{"start":{"line":19,"column":4},"end":{"line":21,"column":5}},"15":{"start":{"line":20,"column":6},"end":{"line":20,"column":null}},"16":{"start":{"line":23,"column":4},"end":{"line":23,"column":null}},"17":{"start":{"line":25,"column":4},"end":{"line":25,"column":null}},"18":{"start":{"line":26,"column":4},"end":{"line":26,"column":null}},"19":{"start":{"line":31,"column":2},"end":{"line":118,"column":3}},"20":{"start":{"line":32,"column":17},"end":{"line":32,"column":35}},"21":{"start":{"line":33,"column":4},"end":{"line":35,"column":5}},"22":{"start":{"line":34,"column":6},"end":{"line":34,"column":null}},"23":{"start":{"line":37,"column":17},"end":{"line":37,"column":37}},"24":{"start":{"line":50,"column":8},"end":{"line":50,"column":12}},"25":{"start":{"line":52,"column":15},"end":{"line":52,"column":34}},"26":{"start":{"line":54,"column":28},"end":{"line":54,"column":53}},"27":{"start":{"line":56,"column":4},"end":{"line":56,"column":null}},"28":{"start":{"line":56,"column":28},"end":{"line":56,"column":null}},"29":{"start":{"line":57,"column":4},"end":{"line":57,"column":null}},"30":{"start":{"line":57,"column":29},"end":{"line":57,"column":null}},"31":{"start":{"line":58,"column":4},"end":{"line":58,"column":null}},"32":{"start":{"line":58,"column":35},"end":{"line":58,"column":null}},"33":{"start":{"line":59,"column":4},"end":{"line":59,"column":null}},"34":{"start":{"line":59,"column":30},"end":{"line":59,"column":null}},"35":{"start":{"line":60,"column":4},"end":{"line":60,"column":null}},"36":{"start":{"line":60,"column":31},"end":{"line":60,"column":null}},"37":{"start":{"line":61,"column":4},"end":{"line":61,"column":null}},"38":{"start":{"line":61,"column":33},"end":{"line":61,"column":null}},"39":{"start":{"line":62,"column":4},"end":{"line":62,"column":null}},"40":{"start":{"line":62,"column":34},"end":{"line":62,"column":null}},"41":{"start":{"line":63,"column":4},"end":{"line":63,"column":null}},"42":{"start":{"line":63,"column":38},"end":{"line":63,"column":null}},"43":{"start":{"line":64,"column":4},"end":{"line":64,"column":null}},"44":{"start":{"line":64,"column":40},"end":{"line":64,"column":null}},"45":{"start":{"line":67,"column":21},"end":{"line":67,"column":93}},"46":{"start":{"line":68,"column":4},"end":{"line":70,"column":5}},"47":{"start":{"line":69,"column":6},"end":{"line":69,"column":null}},"48":{"start":{"line":73,"column":4},"end":{"line":82,"column":5}},"49":{"start":{"line":74,"column":21},"end":{"line":74,"column":45}},"50":{"start":{"line":75,"column":30},"end":{"line":75,"column":92}},"51":{"start":{"line":77,"column":6},"end":{"line":79,"column":7}},"52":{"start":{"line":78,"column":8},"end":{"line":78,"column":null}},"53":{"start":{"line":81,"column":6},"end":{"line":81,"column":null}},"54":{"start":{"line":85,"column":66},"end":{"line":85,"column":68}},"55":{"start":{"line":86,"column":4},"end":{"line":93,"column":5}},"56":{"start":{"line":87,"column":6},"end":{"line":87,"column":38}},"57":{"start":{"line":87,"column":30},"end":{"line":87,"column":38}},"58":{"start":{"line":88,"column":22},"end":{"line":88,"column":43}},"59":{"start":{"line":89,"column":22},"end":{"line":89,"column":45}},"60":{"start":{"line":90,"column":6},"end":{"line":92,"column":7}},"61":{"start":{"line":91,"column":8},"end":{"line":91,"column":null}},"62":{"start":{"line":96,"column":22},"end":{"line":96,"column":57}},"63":{"start":{"line":97,"column":24},"end":{"line":102,"column":null}},"64":{"start":{"line":103,"column":22},"end":{"line":103,"column":55}},"65":{"start":{"line":106,"column":4},"end":{"line":106,"column":null}},"66":{"start":{"line":108,"column":24},"end":{"line":110,"column":83}},"67":{"start":{"line":114,"column":4},"end":{"line":114,"column":null}},"68":{"start":{"line":116,"column":4},"end":{"line":116,"column":null}},"69":{"start":{"line":117,"column":4},"end":{"line":117,"column":null}},"70":{"start":{"line":123,"column":2},"end":{"line":156,"column":3}},"71":{"start":{"line":124,"column":17},"end":{"line":124,"column":35}},"72":{"start":{"line":125,"column":4},"end":{"line":127,"column":5}},"73":{"start":{"line":126,"column":6},"end":{"line":126,"column":null}},"74":{"start":{"line":129,"column":17},"end":{"line":129,"column":37}},"75":{"start":{"line":130,"column":28},"end":{"line":130,"column":38}},"76":{"start":{"line":131,"column":4},"end":{"line":131,"column":null}},"77":{"start":{"line":131,"column":22},"end":{"line":131,"column":null}},"78":{"start":{"line":133,"column":15},"end":{"line":133,"column":34}},"79":{"start":{"line":134,"column":22},"end":{"line":134,"column":57}},"80":{"start":{"line":135,"column":18},"end":{"line":135,"column":40}},"81":{"start":{"line":137,"column":16},"end":{"line":137,"column":110}},"82":{"start":{"line":138,"column":4},"end":{"line":138,"column":null}},"83":{"start":{"line":138,"column":14},"end":{"line":138,"column":null}},"84":{"start":{"line":141,"column":20},"end":{"line":141,"column":38}},"85":{"start":{"line":142,"column":4},"end":{"line":142,"column":null}},"86":{"start":{"line":142,"column":17},"end":{"line":142,"column":null}},"87":{"start":{"line":144,"column":15},"end":{"line":144,"column":25}},"88":{"start":{"line":145,"column":4},"end":{"line":145,"column":22}},"89":{"start":{"line":146,"column":4},"end":{"line":146,"column":null}},"90":{"start":{"line":149,"column":4},"end":{"line":149,"column":null}},"91":{"start":{"line":151,"column":20},"end":{"line":151,"column":99}},"92":{"start":{"line":152,"column":4},"end":{"line":152,"column":null}},"93":{"start":{"line":154,"column":4},"end":{"line":154,"column":null}},"94":{"start":{"line":155,"column":4},"end":{"line":155,"column":null}}},"fnMap":{"0":{"name":"GET","decl":{"start":{"line":7,"column":22},"end":{"line":7,"column":25}},"loc":{"start":{"line":7,"column":42},"end":{"line":28,"column":1}}},"1":{"name":"PUT","decl":{"start":{"line":30,"column":22},"end":{"line":30,"column":25}},"loc":{"start":{"line":30,"column":42},"end":{"line":119,"column":1}}},"2":{"name":"(anonymous_11)","decl":{"start":{"line":74,"column":21},"end":{"line":74,"column":34}},"loc":{"start":{"line":74,"column":21},"end":{"line":74,"column":45}}},"3":{"name":"POST","decl":{"start":{"line":121,"column":22},"end":{"line":121,"column":26}},"loc":{"start":{"line":121,"column":43},"end":{"line":157,"column":1}}}},"branchMap":{"0":{"loc":{"start":{"line":10,"column":4},"end":{"line":12,"column":5}},"type":"if","locations":[{"start":{"line":10,"column":4},"end":{"line":12,"column":5}},{"start":{},"end":{}}]},"1":{"loc":{"start":{"line":19,"column":4},"end":{"line":21,"column":5}},"type":"if","locations":[{"start":{"line":19,"column":4},"end":{"line":21,"column":5}},{"start":{},"end":{}}]},"2":{"loc":{"start":{"line":33,"column":4},"end":{"line":35,"column":5}},"type":"if","locations":[{"start":{"line":33,"column":4},"end":{"line":35,"column":5}},{"start":{},"end":{}}]},"3":{"loc":{"start":{"line":56,"column":4},"end":{"line":56,"column":null}},"type":"if","locations":[{"start":{"line":56,"column":4},"end":{"line":56,"column":null}},{"start":{},"end":{}}]},"4":{"loc":{"start":{"line":57,"column":4},"end":{"line":57,"column":null}},"type":"if","locations":[{"start":{"line":57,"column":4},"end":{"line":57,"column":null}},{"start":{},"end":{}}]},"5":{"loc":{"start":{"line":58,"column":4},"end":{"line":58,"column":null}},"type":"if","locations":[{"start":{"line":58,"column":4},"end":{"line":58,"column":null}},{"start":{},"end":{}}]},"6":{"loc":{"start":{"line":59,"column":4},"end":{"line":59,"column":null}},"type":"if","locations":[{"start":{"line":59,"column":4},"end":{"line":59,"column":null}},{"start":{},"end":{}}]},"7":{"loc":{"start":{"line":60,"column":4},"end":{"line":60,"column":null}},"type":"if","locations":[{"start":{"line":60,"column":4},"end":{"line":60,"column":null}},{"start":{},"end":{}}]},"8":{"loc":{"start":{"line":61,"column":4},"end":{"line":61,"column":null}},"type":"if","locations":[{"start":{"line":61,"column":4},"end":{"line":61,"column":null}},{"start":{},"end":{}}]},"9":{"loc":{"start":{"line":62,"column":4},"end":{"line":62,"column":null}},"type":"if","locations":[{"start":{"line":62,"column":4},"end":{"line":62,"column":null}},{"start":{},"end":{}}]},"10":{"loc":{"start":{"line":63,"column":4},"end":{"line":63,"column":null}},"type":"if","locations":[{"start":{"line":63,"column":4},"end":{"line":63,"column":null}},{"start":{},"end":{}}]},"11":{"loc":{"start":{"line":64,"column":4},"end":{"line":64,"column":null}},"type":"if","locations":[{"start":{"line":64,"column":4},"end":{"line":64,"column":null}},{"start":{},"end":{}}]},"12":{"loc":{"start":{"line":68,"column":4},"end":{"line":70,"column":5}},"type":"if","locations":[{"start":{"line":68,"column":4},"end":{"line":70,"column":5}},{"start":{},"end":{}}]},"13":{"loc":{"start":{"line":73,"column":4},"end":{"line":82,"column":5}},"type":"if","locations":[{"start":{"line":73,"column":4},"end":{"line":82,"column":5}},{"start":{},"end":{}}]},"14":{"loc":{"start":{"line":73,"column":8},"end":{"line":73,"column":38}},"type":"binary-expr","locations":[{"start":{"line":73,"column":8},"end":{"line":73,"column":23}},{"start":{"line":73,"column":27},"end":{"line":73,"column":38}}]},"15":{"loc":{"start":{"line":75,"column":68},"end":{"line":75,"column":91}},"type":"binary-expr","locations":[{"start":{"line":75,"column":68},"end":{"line":75,"column":85}},{"start":{"line":75,"column":89},"end":{"line":75,"column":91}}]},"16":{"loc":{"start":{"line":77,"column":6},"end":{"line":79,"column":7}},"type":"if","locations":[{"start":{"line":77,"column":6},"end":{"line":79,"column":7}},{"start":{},"end":{}}]},"17":{"loc":{"start":{"line":87,"column":6},"end":{"line":87,"column":38}},"type":"if","locations":[{"start":{"line":87,"column":6},"end":{"line":87,"column":38}},{"start":{},"end":{}}]},"18":{"loc":{"start":{"line":90,"column":6},"end":{"line":92,"column":7}},"type":"if","locations":[{"start":{"line":90,"column":6},"end":{"line":92,"column":7}},{"start":{},"end":{}}]},"19":{"loc":{"start":{"line":90,"column":25},"end":{"line":90,"column":39}},"type":"cond-expr","locations":[{"start":{"line":90,"column":25},"end":{"line":90,"column":31}},{"start":{"line":90,"column":35},"end":{"line":90,"column":39}}]},"20":{"loc":{"start":{"line":90,"column":25},"end":{"line":90,"column":35}},"type":"binary-expr","locations":[{"start":{"line":90,"column":25},"end":{"line":90,"column":35}},{"start":{"line":90,"column":25},"end":{"line":90,"column":35}}]},"21":{"loc":{"start":{"line":90,"column":60},"end":{"line":90,"column":74}},"type":"cond-expr","locations":[{"start":{"line":90,"column":60},"end":{"line":90,"column":66}},{"start":{"line":90,"column":70},"end":{"line":90,"column":74}}]},"22":{"loc":{"start":{"line":90,"column":60},"end":{"line":90,"column":70}},"type":"binary-expr","locations":[{"start":{"line":90,"column":60},"end":{"line":90,"column":70}},{"start":{"line":90,"column":60},"end":{"line":90,"column":70}}]},"23":{"loc":{"start":{"line":91,"column":37},"end":{"line":91,"column":51}},"type":"cond-expr","locations":[{"start":{"line":91,"column":37},"end":{"line":91,"column":43}},{"start":{"line":91,"column":47},"end":{"line":91,"column":51}}]},"24":{"loc":{"start":{"line":91,"column":37},"end":{"line":91,"column":47}},"type":"binary-expr","locations":[{"start":{"line":91,"column":37},"end":{"line":91,"column":47}},{"start":{"line":91,"column":37},"end":{"line":91,"column":47}}]},"25":{"loc":{"start":{"line":91,"column":57},"end":{"line":91,"column":71}},"type":"cond-expr","locations":[{"start":{"line":91,"column":57},"end":{"line":91,"column":63}},{"start":{"line":91,"column":67},"end":{"line":91,"column":71}}]},"26":{"loc":{"start":{"line":91,"column":57},"end":{"line":91,"column":67}},"type":"binary-expr","locations":[{"start":{"line":91,"column":57},"end":{"line":91,"column":67}},{"start":{"line":91,"column":57},"end":{"line":91,"column":67}}]},"27":{"loc":{"start":{"line":125,"column":4},"end":{"line":127,"column":5}},"type":"if","locations":[{"start":{"line":125,"column":4},"end":{"line":127,"column":5}},{"start":{},"end":{}}]},"28":{"loc":{"start":{"line":130,"column":28},"end":{"line":130,"column":38}},"type":"binary-expr","locations":[{"start":{"line":130,"column":28},"end":{"line":130,"column":32}},{"start":{"line":130,"column":36},"end":{"line":130,"column":38}}]},"29":{"loc":{"start":{"line":131,"column":4},"end":{"line":131,"column":null}},"type":"if","locations":[{"start":{"line":131,"column":4},"end":{"line":131,"column":null}},{"start":{},"end":{}}]},"30":{"loc":{"start":{"line":138,"column":4},"end":{"line":138,"column":null}},"type":"if","locations":[{"start":{"line":138,"column":4},"end":{"line":138,"column":null}},{"start":{},"end":{}}]},"31":{"loc":{"start":{"line":142,"column":4},"end":{"line":142,"column":null}},"type":"if","locations":[{"start":{"line":142,"column":4},"end":{"line":142,"column":null}},{"start":{},"end":{}}]}},"s":{"0":1,"1":1,"2":1,"3":1,"4":1,"5":1,"6":1,"7":1,"8":4,"9":4,"10":3,"11":1,"12":2,"13":2,"14":2,"15":1,"16":1,"17":1,"18":1,"19":7,"20":7,"21":6,"22":1,"23":5,"24":5,"25":5,"26":5,"27":5,"28":4,"29":5,"30":2,"31":5,"32":0,"33":5,"34":0,"35":5,"36":0,"37":5,"38":0,"39":5,"40":0,"41":5,"42":0,"43":5,"44":0,"45":5,"46":5,"47":1,"48":4,"49":4,"50":2,"51":2,"52":1,"53":1,"54":3,"55":3,"56":8,"57":1,"58":7,"59":7,"60":7,"61":7,"62":3,"63":3,"64":3,"65":3,"66":3,"67":3,"68":1,"69":1,"70":6,"71":6,"72":6,"73":1,"74":5,"75":5,"76":5,"77":1,"78":4,"79":4,"80":4,"81":4,"82":3,"83":1,"84":2,"85":2,"86":1,"87":1,"88":1,"89":1,"90":1,"91":1,"92":1,"93":1,"94":1},"f":{"0":4,"1":7,"2":2,"3":6},"b":{"0":[1,2],"1":[1,1],"2":[1,5],"3":[4,1],"4":[2,3],"5":[0,5],"6":[0,5],"7":[0,5],"8":[0,5],"9":[0,5],"10":[0,5],"11":[0,5],"12":[1,4],"13":[2,2],"14":[4,2],"15":[2,0],"16":[1,1],"17":[1,7],"18":[7,0],"19":[4,3],"20":[7,7],"21":[7,0],"22":[7,7],"23":[4,3],"24":[7,7],"25":[7,0],"26":[7,7],"27":[1,5],"28":[5,0],"29":[1,4],"30":[1,2],"31":[1,1]}}
}
