TN:
SF:app\api\appointments\route.ts
FN:7,(anonymous_0)
FN:16,GET
FN:46,(anonymous_2)
FN:67,POST
FN:97,(anonymous_4)
FN:104,(anonymous_5)
FN:106,(anonymous_6)
FN:109,(anonymous_7)
FNF:8
FNH:8
FNDA:25,(anonymous_0)
FNDA:5,GET
FNDA:3,(anonymous_2)
FNDA:8,POST
FNDA:3,(anonymous_4)
FNDA:1,(anonymous_5)
FNDA:1,(anonymous_6)
FNDA:2,(anonymous_7)
DA:1,1
DA:2,1
DA:3,1
DA:5,1
DA:7,1
DA:8,25
DA:9,25
DA:13,7
DA:16,1
DA:17,5
DA:18,5
DA:19,5
DA:20,1
DA:23,4
DA:24,4
DA:26,4
DA:27,4
DA:29,4
DA:31,4
DA:32,1
DA:33,3
DA:34,2
DA:37,4
DA:38,1
DA:41,4
DA:44,3
DA:45,3
DA:47,3
DA:48,3
DA:49,3
DA:60,3
DA:62,1
DA:63,1
DA:67,1
DA:68,8
DA:69,8
DA:70,8
DA:71,1
DA:74,7
DA:75,7
DA:77,7
DA:78,1
DA:81,6
DA:82,6
DA:83,6
DA:86,6
DA:87,6
DA:88,6
DA:89,6
DA:90,6
DA:93,6
DA:95,6
DA:96,6
DA:97,3
DA:98,3
DA:101,3
DA:102,3
DA:103,3
DA:104,3
DA:105,3
DA:106,1
DA:107,1
DA:108,2
DA:109,2
DA:110,2
DA:116,6
DA:123,6
DA:124,1
DA:127,5
DA:138,5
DA:140,4
DA:145,1
DA:146,1
LF:73
LH:73
BRDA:9,0,0,18
BRDA:9,0,1,7
BRDA:9,1,0,25
BRDA:9,1,1,25
BRDA:19,2,0,1
BRDA:19,2,1,4
BRDA:31,3,0,1
BRDA:31,3,1,3
BRDA:33,4,0,2
BRDA:33,4,1,1
BRDA:37,5,0,1
BRDA:37,5,1,3
BRDA:51,6,0,0
BRDA:51,6,1,3
BRDA:51,7,0,3
BRDA:51,7,1,3
BRDA:70,8,0,1
BRDA:70,8,1,7
BRDA:77,9,0,1
BRDA:77,9,1,6
BRDA:77,10,0,7
BRDA:77,10,1,7
BRDA:77,10,2,6
BRDA:77,10,3,6
BRDA:96,11,0,3
BRDA:96,11,1,3
BRDA:96,12,0,6
BRDA:96,12,1,4
BRDA:98,13,0,3
BRDA:98,13,1,0
BRDA:98,14,0,3
BRDA:98,14,1,0
BRDA:102,15,0,3
BRDA:102,15,1,0
BRDA:104,16,0,2
BRDA:104,16,1,1
BRDA:104,17,0,3
BRDA:104,17,1,3
BRDA:105,18,0,1
BRDA:105,18,1,2
BRDA:105,19,0,3
BRDA:105,19,1,1
BRDA:107,20,0,1
BRDA:107,20,1,0
BRDA:107,21,0,1
BRDA:107,21,1,0
BRDA:108,22,0,2
BRDA:108,22,1,0
BRDA:108,23,0,0
BRDA:108,23,1,2
BRDA:108,24,0,2
BRDA:108,24,1,2
BRDA:110,25,0,2
BRDA:110,25,1,0
BRDA:110,26,0,2
BRDA:110,26,1,0
BRDA:123,27,0,1
BRDA:123,27,1,5
BRF:58
BRH:48
end_of_record
TN:
SF:app\api\doctors\[id]\slots\route.ts
FN:96,(anonymous_1)
FN:140,(anonymous_2)
FN:142,(anonymous_3)
FNF:3
FNH:3
FNDA:2,(anonymous_1)
FNDA:3,(anonymous_2)
FNDA:1,(anonymous_3)
DA:1,1
DA:2,1
DA:3,1
DA:6,1
DA:10,10
DA:12,10
DA:14,10
DA:15,10
DA:18,10
DA:19,1
DA:29,9
DA:30,1
DA:40,8
DA:41,1
DA:52,7
DA:53,7
DA:54,7
DA:56,7
DA:57,7
DA:60,7
DA:65,7
DA:67,7
DA:68,2
DA:69,0
DA:75,2
DA:78,5
DA:83,5
DA:84,1
DA:91,4
DA:95,4
DA:96,2
DA:99,4
DA:100,2
DA:101,1
DA:107,1
DA:109,2
DA:110,2
DA:111,2
DA:117,0
DA:122,3
DA:123,3
DA:125,3
DA:126,3
DA:128,3
DA:140,3
DA:141,3
DA:142,1
DA:145,3
DA:152,3
DA:154,0
DA:155,0
LF:51
LH:47
BRDA:18,0,0,1
BRDA:18,0,1,9
BRDA:29,1,0,1
BRDA:29,1,1,8
BRDA:40,2,0,1
BRDA:40,2,1,7
BRDA:67,3,0,2
BRDA:67,3,1,5
BRDA:68,4,0,0
BRDA:68,4,1,2
BRDA:75,5,0,2
BRDA:75,5,1,0
BRDA:83,6,0,1
BRDA:83,6,1,4
BRDA:95,7,0,2
BRDA:95,7,1,2
BRDA:95,8,0,4
BRDA:95,8,1,4
BRDA:99,9,0,2
BRDA:99,9,1,2
BRDA:100,10,0,1
BRDA:100,10,1,1
BRDA:107,11,0,1
BRDA:107,11,1,0
BRDA:109,12,0,1
BRDA:109,12,1,1
BRDA:109,13,0,2
BRDA:109,13,1,2
BRDA:110,14,0,2
BRDA:110,14,1,0
BRDA:110,15,0,1
BRDA:110,15,1,1
BRDA:110,16,0,2
BRDA:110,16,1,2
BRDA:117,17,0,0
BRDA:117,17,1,0
BRDA:142,18,0,1
BRDA:142,18,1,1
BRDA:147,19,0,3
BRDA:147,19,1,3
BRF:40
BRH:34
end_of_record
TN:
SF:app\api\medical-records\route.ts
FN:6,GET
FN:28,(anonymous_1)
FNF:2
FNH:2
FNDA:4,GET
FNDA:1,(anonymous_1)
DA:1,1
DA:2,1
DA:3,1
DA:4,1
DA:6,1
DA:7,4
DA:8,4
DA:9,4
DA:10,1
DA:13,3
DA:14,2
DA:16,2
DA:17,2
DA:18,1
DA:19,1
DA:20,1
DA:23,2
DA:26,2
DA:27,2
DA:29,1
DA:30,1
DA:31,1
DA:42,2
DA:44,1
DA:45,1
LF:25
LH:25
BRDA:9,0,0,1
BRDA:9,0,1,3
BRDA:17,1,0,1
BRDA:17,1,1,1
BRDA:19,2,0,1
BRDA:19,2,1,0
BRDA:33,3,0,0
BRDA:33,3,1,1
BRDA:33,4,0,1
BRDA:33,4,1,1
BRF:10
BRH:8
end_of_record
TN:
SF:app\api\medical-records\create\route.ts
FN:7,POST
FNF:1
FNH:1
FNDA:4,POST
DA:1,1
DA:2,1
DA:3,1
DA:5,1
DA:7,1
DA:8,4
DA:9,4
DA:10,4
DA:11,1
DA:14,3
DA:15,3
DA:17,3
DA:18,1
DA:21,2
DA:22,2
DA:24,2
DA:38,2
DA:40,1
DA:45,1
DA:46,1
LF:20
LH:20
BRDA:10,0,0,1
BRDA:10,0,1,3
BRDA:10,1,0,4
BRDA:10,1,1,4
BRDA:17,2,0,1
BRDA:17,2,1,2
BRDA:17,3,0,3
BRDA:17,3,1,2
BRDA:17,3,2,2
BRDA:17,3,3,2
BRDA:27,4,0,0
BRDA:27,4,1,2
BRDA:29,5,0,2
BRDA:29,5,1,0
BRDA:31,6,0,2
BRDA:31,6,1,0
BRF:16
BRH:13
end_of_record
TN:
SF:app\api\profile\route.ts
FN:7,GET
FN:30,PUT
FN:74,(anonymous_11)
FN:121,POST
FNF:4
FNH:4
FNDA:4,GET
FNDA:7,PUT
FNDA:2,(anonymous_11)
FNDA:6,POST
DA:1,1
DA:2,1
DA:3,1
DA:4,1
DA:5,1
DA:7,1
DA:8,4
DA:9,4
DA:10,3
DA:11,1
DA:14,2
DA:15,2
DA:19,2
DA:20,1
DA:23,1
DA:25,1
DA:26,1
DA:30,1
DA:31,7
DA:32,7
DA:33,6
DA:34,1
DA:37,5
DA:50,5
DA:52,5
DA:54,5
DA:56,5
DA:57,5
DA:58,5
DA:59,5
DA:60,5
DA:61,5
DA:62,5
DA:63,5
DA:64,5
DA:67,5
DA:68,5
DA:69,1
DA:73,4
DA:74,4
DA:75,2
DA:77,2
DA:78,1
DA:81,1
DA:85,3
DA:86,3
DA:87,8
DA:88,7
DA:89,7
DA:90,7
DA:91,7
DA:96,3
DA:97,3
DA:103,3
DA:106,3
DA:108,3
DA:114,3
DA:116,1
DA:117,1
DA:121,1
DA:123,6
DA:124,6
DA:125,6
DA:126,1
DA:129,5
DA:130,5
DA:131,5
DA:133,4
DA:134,4
DA:135,4
DA:137,4
DA:138,3
DA:141,2
DA:142,2
DA:144,1
DA:145,1
DA:146,1
DA:149,1
DA:151,1
DA:152,1
DA:154,1
DA:155,1
LF:82
LH:82
BRDA:10,0,0,1
BRDA:10,0,1,2
BRDA:19,1,0,1
BRDA:19,1,1,1
BRDA:33,2,0,1
BRDA:33,2,1,5
BRDA:56,3,0,4
BRDA:56,3,1,1
BRDA:57,4,0,2
BRDA:57,4,1,3
BRDA:58,5,0,0
BRDA:58,5,1,5
BRDA:59,6,0,0
BRDA:59,6,1,5
BRDA:60,7,0,0
BRDA:60,7,1,5
BRDA:61,8,0,0
BRDA:61,8,1,5
BRDA:62,9,0,0
BRDA:62,9,1,5
BRDA:63,10,0,0
BRDA:63,10,1,5
BRDA:64,11,0,0
BRDA:64,11,1,5
BRDA:68,12,0,1
BRDA:68,12,1,4
BRDA:73,13,0,2
BRDA:73,13,1,2
BRDA:73,14,0,4
BRDA:73,14,1,2
BRDA:75,15,0,2
BRDA:75,15,1,0
BRDA:77,16,0,1
BRDA:77,16,1,1
BRDA:87,17,0,1
BRDA:87,17,1,7
BRDA:90,18,0,7
BRDA:90,18,1,0
BRDA:90,19,0,4
BRDA:90,19,1,3
BRDA:90,20,0,7
BRDA:90,20,1,7
BRDA:90,21,0,7
BRDA:90,21,1,0
BRDA:90,22,0,7
BRDA:90,22,1,7
BRDA:91,23,0,4
BRDA:91,23,1,3
BRDA:91,24,0,7
BRDA:91,24,1,7
BRDA:91,25,0,7
BRDA:91,25,1,0
BRDA:91,26,0,7
BRDA:91,26,1,7
BRDA:125,27,0,1
BRDA:125,27,1,5
BRDA:130,28,0,5
BRDA:130,28,1,0
BRDA:131,29,0,1
BRDA:131,29,1,4
BRDA:138,30,0,1
BRDA:138,30,1,2
BRDA:142,31,0,1
BRDA:142,31,1,1
BRF:64
BRH:52
end_of_record
